CRITICAL - 2023-07-16 12:34:09 --> Undefined constant "CodeIgniter\Database\MySQLi\MYSQLI_STORE_RESULT"
in SYSTEMPATH\Database\Database.php on line 137.
 1 SYSTEMPATH\Database\Database.php(55): CodeIgniter\Database\Database->initDriver()
 2 SYSTEMPATH\Database\Config.php(82): CodeIgniter\Database\Database->load()
 3 APPPATH\Views\welcome_message.php(239): CodeIgniter\Database\Config::connect()
 4 SYSTEMPATH\View\View.php(224): include('D:\\code\\codeigniter\\project-root\\app\\Views\\welcome_message.php')
 5 SYSTEMPATH\View\View.php(227): CodeIgniter\View\View->CodeIgniter\View\{closure}()
 6 SYSTEMPATH\Common.php(1180): CodeIgniter\View\View->render()
 7 APPPATH\Controllers\Home.php(9): view()
 8 SYSTEMPATH\CodeIgniter.php(932): App\Controllers\Home->index()
 9 SYSTEMPATH\CodeIgniter.php(497): CodeIgniter\CodeIgniter->runController()
10 SYSTEMPATH\CodeIgniter.php(366): CodeIgniter\CodeIgniter->handleRequest()
11 FCPATH\index.php(67): CodeIgniter\CodeIgniter->run()
12 SYSTEMPATH\Commands\Server\rewrite.php(47): require_once('D:\\code\\codeigniter\\project-root\\public\\index.php')
CRITICAL - 2023-07-16 12:34:44 --> Undefined constant "CodeIgniter\Database\MySQLi\MYSQLI_STORE_RESULT"
in SYSTEMPATH\Database\Database.php on line 137.
 1 SYSTEMPATH\Database\Database.php(55): CodeIgniter\Database\Database->initDriver()
 2 SYSTEMPATH\Database\Config.php(82): CodeIgniter\Database\Database->load()
 3 SYSTEMPATH\Common.php(362): CodeIgniter\Database\Config::connect()
 4 APPPATH\Views\welcome_message.php(239): db_connect()
 5 SYSTEMPATH\View\View.php(224): include('D:\\code\\codeigniter\\project-root\\app\\Views\\welcome_message.php')
 6 SYSTEMPATH\View\View.php(227): CodeIgniter\View\View->CodeIgniter\View\{closure}()
 7 SYSTEMPATH\Common.php(1180): CodeIgniter\View\View->render()
 8 APPPATH\Controllers\Home.php(9): view()
 9 SYSTEMPATH\CodeIgniter.php(932): App\Controllers\Home->index()
10 SYSTEMPATH\CodeIgniter.php(497): CodeIgniter\CodeIgniter->runController()
11 SYSTEMPATH\CodeIgniter.php(366): CodeIgniter\CodeIgniter->handleRequest()
12 FCPATH\index.php(67): CodeIgniter\CodeIgniter->run()
13 SYSTEMPATH\Commands\Server\rewrite.php(47): require_once('D:\\code\\codeigniter\\project-root\\public\\index.php')
CRITICAL - 2023-07-16 12:37:36 --> Class "CodeIgniter\Database\msqli\Connection" not found
in SYSTEMPATH\Database\Database.php on line 137.
 1 SYSTEMPATH\Database\Database.php(55): CodeIgniter\Database\Database->initDriver()
 2 SYSTEMPATH\Database\Config.php(82): CodeIgniter\Database\Database->load()
 3 APPPATH\Views\welcome_message.php(238): CodeIgniter\Database\Config::connect()
 4 SYSTEMPATH\View\View.php(224): include('D:\\code\\codeigniter\\project-root\\app\\Views\\welcome_message.php')
 5 SYSTEMPATH\View\View.php(227): CodeIgniter\View\View->CodeIgniter\View\{closure}()
 6 SYSTEMPATH\Common.php(1180): CodeIgniter\View\View->render()
 7 APPPATH\Controllers\Home.php(9): view()
 8 SYSTEMPATH\CodeIgniter.php(932): App\Controllers\Home->index()
 9 SYSTEMPATH\CodeIgniter.php(497): CodeIgniter\CodeIgniter->runController()
10 SYSTEMPATH\CodeIgniter.php(366): CodeIgniter\CodeIgniter->handleRequest()
11 FCPATH\index.php(67): CodeIgniter\CodeIgniter->run()
12 SYSTEMPATH\Commands\Server\rewrite.php(47): require_once('D:\\code\\codeigniter\\project-root\\public\\index.php')
CRITICAL - 2023-07-16 12:38:29 --> Class "CodeIgniter\Database\msqli\Connection" not found
in SYSTEMPATH\Database\Database.php on line 137.
 1 SYSTEMPATH\Database\Database.php(55): CodeIgniter\Database\Database->initDriver()
 2 SYSTEMPATH\Database\Config.php(82): CodeIgniter\Database\Database->load()
 3 APPPATH\Views\welcome_message.php(238): CodeIgniter\Database\Config::connect()
 4 SYSTEMPATH\View\View.php(224): include('D:\\code\\codeigniter\\project-root\\app\\Views\\welcome_message.php')
 5 SYSTEMPATH\View\View.php(227): CodeIgniter\View\View->CodeIgniter\View\{closure}()
 6 SYSTEMPATH\Common.php(1180): CodeIgniter\View\View->render()
 7 APPPATH\Controllers\Home.php(9): view()
 8 SYSTEMPATH\CodeIgniter.php(932): App\Controllers\Home->index()
 9 SYSTEMPATH\CodeIgniter.php(497): CodeIgniter\CodeIgniter->runController()
10 SYSTEMPATH\CodeIgniter.php(366): CodeIgniter\CodeIgniter->handleRequest()
11 FCPATH\index.php(67): CodeIgniter\CodeIgniter->run()
12 SYSTEMPATH\Commands\Server\rewrite.php(47): require_once('D:\\code\\codeigniter\\project-root\\public\\index.php')
CRITICAL - 2023-07-16 12:38:30 --> Class "CodeIgniter\Database\msqli\Connection" not found
in SYSTEMPATH\Database\Database.php on line 137.
 1 SYSTEMPATH\Database\Database.php(55): CodeIgniter\Database\Database->initDriver()
 2 SYSTEMPATH\Database\Config.php(82): CodeIgniter\Database\Database->load()
 3 APPPATH\Views\welcome_message.php(238): CodeIgniter\Database\Config::connect()
 4 SYSTEMPATH\View\View.php(224): include('D:\\code\\codeigniter\\project-root\\app\\Views\\welcome_message.php')
 5 SYSTEMPATH\View\View.php(227): CodeIgniter\View\View->CodeIgniter\View\{closure}()
 6 SYSTEMPATH\Common.php(1180): CodeIgniter\View\View->render()
 7 APPPATH\Controllers\Home.php(9): view()
 8 SYSTEMPATH\CodeIgniter.php(932): App\Controllers\Home->index()
 9 SYSTEMPATH\CodeIgniter.php(497): CodeIgniter\CodeIgniter->runController()
10 SYSTEMPATH\CodeIgniter.php(366): CodeIgniter\CodeIgniter->handleRequest()
11 FCPATH\index.php(67): CodeIgniter\CodeIgniter->run()
12 SYSTEMPATH\Commands\Server\rewrite.php(47): require_once('D:\\code\\codeigniter\\project-root\\public\\index.php')
CRITICAL - 2023-07-16 12:38:30 --> Class "CodeIgniter\Database\msqli\Connection" not found
in SYSTEMPATH\Database\Database.php on line 137.
 1 SYSTEMPATH\Database\Database.php(55): CodeIgniter\Database\Database->initDriver()
 2 SYSTEMPATH\Database\Config.php(82): CodeIgniter\Database\Database->load()
 3 APPPATH\Views\welcome_message.php(238): CodeIgniter\Database\Config::connect()
 4 SYSTEMPATH\View\View.php(224): include('D:\\code\\codeigniter\\project-root\\app\\Views\\welcome_message.php')
 5 SYSTEMPATH\View\View.php(227): CodeIgniter\View\View->CodeIgniter\View\{closure}()
 6 SYSTEMPATH\Common.php(1180): CodeIgniter\View\View->render()
 7 APPPATH\Controllers\Home.php(9): view()
 8 SYSTEMPATH\CodeIgniter.php(932): App\Controllers\Home->index()
 9 SYSTEMPATH\CodeIgniter.php(497): CodeIgniter\CodeIgniter->runController()
10 SYSTEMPATH\CodeIgniter.php(366): CodeIgniter\CodeIgniter->handleRequest()
11 FCPATH\index.php(67): CodeIgniter\CodeIgniter->run()
12 SYSTEMPATH\Commands\Server\rewrite.php(47): require_once('D:\\code\\codeigniter\\project-root\\public\\index.php')
CRITICAL - 2023-07-16 12:38:31 --> Class "CodeIgniter\Database\msqli\Connection" not found
in SYSTEMPATH\Database\Database.php on line 137.
 1 SYSTEMPATH\Database\Database.php(55): CodeIgniter\Database\Database->initDriver()
 2 SYSTEMPATH\Database\Config.php(82): CodeIgniter\Database\Database->load()
 3 APPPATH\Views\welcome_message.php(238): CodeIgniter\Database\Config::connect()
 4 SYSTEMPATH\View\View.php(224): include('D:\\code\\codeigniter\\project-root\\app\\Views\\welcome_message.php')
 5 SYSTEMPATH\View\View.php(227): CodeIgniter\View\View->CodeIgniter\View\{closure}()
 6 SYSTEMPATH\Common.php(1180): CodeIgniter\View\View->render()
 7 APPPATH\Controllers\Home.php(9): view()
 8 SYSTEMPATH\CodeIgniter.php(932): App\Controllers\Home->index()
 9 SYSTEMPATH\CodeIgniter.php(497): CodeIgniter\CodeIgniter->runController()
10 SYSTEMPATH\CodeIgniter.php(366): CodeIgniter\CodeIgniter->handleRequest()
11 FCPATH\index.php(67): CodeIgniter\CodeIgniter->run()
12 SYSTEMPATH\Commands\Server\rewrite.php(47): require_once('D:\\code\\codeigniter\\project-root\\public\\index.php')
CRITICAL - 2023-07-16 12:38:31 --> Class "CodeIgniter\Database\msqli\Connection" not found
in SYSTEMPATH\Database\Database.php on line 137.
 1 SYSTEMPATH\Database\Database.php(55): CodeIgniter\Database\Database->initDriver()
 2 SYSTEMPATH\Database\Config.php(82): CodeIgniter\Database\Database->load()
 3 APPPATH\Views\welcome_message.php(238): CodeIgniter\Database\Config::connect()
 4 SYSTEMPATH\View\View.php(224): include('D:\\code\\codeigniter\\project-root\\app\\Views\\welcome_message.php')
 5 SYSTEMPATH\View\View.php(227): CodeIgniter\View\View->CodeIgniter\View\{closure}()
 6 SYSTEMPATH\Common.php(1180): CodeIgniter\View\View->render()
 7 APPPATH\Controllers\Home.php(9): view()
 8 SYSTEMPATH\CodeIgniter.php(932): App\Controllers\Home->index()
 9 SYSTEMPATH\CodeIgniter.php(497): CodeIgniter\CodeIgniter->runController()
10 SYSTEMPATH\CodeIgniter.php(366): CodeIgniter\CodeIgniter->handleRequest()
11 FCPATH\index.php(67): CodeIgniter\CodeIgniter->run()
12 SYSTEMPATH\Commands\Server\rewrite.php(47): require_once('D:\\code\\codeigniter\\project-root\\public\\index.php')
CRITICAL - 2023-07-16 12:38:31 --> Class "CodeIgniter\Database\msqli\Connection" not found
in SYSTEMPATH\Database\Database.php on line 137.
 1 SYSTEMPATH\Database\Database.php(55): CodeIgniter\Database\Database->initDriver()
 2 SYSTEMPATH\Database\Config.php(82): CodeIgniter\Database\Database->load()
 3 APPPATH\Views\welcome_message.php(238): CodeIgniter\Database\Config::connect()
 4 SYSTEMPATH\View\View.php(224): include('D:\\code\\codeigniter\\project-root\\app\\Views\\welcome_message.php')
 5 SYSTEMPATH\View\View.php(227): CodeIgniter\View\View->CodeIgniter\View\{closure}()
 6 SYSTEMPATH\Common.php(1180): CodeIgniter\View\View->render()
 7 APPPATH\Controllers\Home.php(9): view()
 8 SYSTEMPATH\CodeIgniter.php(932): App\Controllers\Home->index()
 9 SYSTEMPATH\CodeIgniter.php(497): CodeIgniter\CodeIgniter->runController()
10 SYSTEMPATH\CodeIgniter.php(366): CodeIgniter\CodeIgniter->handleRequest()
11 FCPATH\index.php(67): CodeIgniter\CodeIgniter->run()
12 SYSTEMPATH\Commands\Server\rewrite.php(47): require_once('D:\\code\\codeigniter\\project-root\\public\\index.php')
CRITICAL - 2023-07-16 12:39:16 --> Class "CodeIgniter\Database\msqli\Connection" not found
in SYSTEMPATH\Database\Database.php on line 137.
 1 SYSTEMPATH\Database\Database.php(55): CodeIgniter\Database\Database->initDriver()
 2 SYSTEMPATH\Database\Config.php(82): CodeIgniter\Database\Database->load()
 3 APPPATH\Views\welcome_message.php(238): CodeIgniter\Database\Config::connect()
 4 SYSTEMPATH\View\View.php(224): include('D:\\code\\codeigniter\\project-root\\app\\Views\\welcome_message.php')
 5 SYSTEMPATH\View\View.php(227): CodeIgniter\View\View->CodeIgniter\View\{closure}()
 6 SYSTEMPATH\Common.php(1180): CodeIgniter\View\View->render()
 7 APPPATH\Controllers\Home.php(9): view()
 8 SYSTEMPATH\CodeIgniter.php(932): App\Controllers\Home->index()
 9 SYSTEMPATH\CodeIgniter.php(497): CodeIgniter\CodeIgniter->runController()
10 SYSTEMPATH\CodeIgniter.php(366): CodeIgniter\CodeIgniter->handleRequest()
11 FCPATH\index.php(67): CodeIgniter\CodeIgniter->run()
12 SYSTEMPATH\Commands\Server\rewrite.php(47): require_once('D:\\code\\codeigniter\\project-root\\public\\index.php')
CRITICAL - 2023-07-16 12:40:38 --> Class "CodeIgniter\Database\MSQLi\Connection" not found
in SYSTEMPATH\Database\Database.php on line 137.
 1 SYSTEMPATH\Database\Database.php(55): CodeIgniter\Database\Database->initDriver()
 2 SYSTEMPATH\Database\Config.php(82): CodeIgniter\Database\Database->load()
 3 APPPATH\Views\welcome_message.php(238): CodeIgniter\Database\Config::connect()
 4 SYSTEMPATH\View\View.php(224): include('D:\\code\\codeigniter\\project-root\\app\\Views\\welcome_message.php')
 5 SYSTEMPATH\View\View.php(227): CodeIgniter\View\View->CodeIgniter\View\{closure}()
 6 SYSTEMPATH\Common.php(1180): CodeIgniter\View\View->render()
 7 APPPATH\Controllers\Home.php(9): view()
 8 SYSTEMPATH\CodeIgniter.php(932): App\Controllers\Home->index()
 9 SYSTEMPATH\CodeIgniter.php(497): CodeIgniter\CodeIgniter->runController()
10 SYSTEMPATH\CodeIgniter.php(366): CodeIgniter\CodeIgniter->handleRequest()
11 FCPATH\index.php(67): CodeIgniter\CodeIgniter->run()
12 SYSTEMPATH\Commands\Server\rewrite.php(47): require_once('D:\\code\\codeigniter\\project-root\\public\\index.php')
CRITICAL - 2023-07-16 12:40:44 --> Class "CodeIgniter\Database\MSQLI\Connection" not found
in SYSTEMPATH\Database\Database.php on line 137.
 1 SYSTEMPATH\Database\Database.php(55): CodeIgniter\Database\Database->initDriver()
 2 SYSTEMPATH\Database\Config.php(82): CodeIgniter\Database\Database->load()
 3 APPPATH\Views\welcome_message.php(238): CodeIgniter\Database\Config::connect()
 4 SYSTEMPATH\View\View.php(224): include('D:\\code\\codeigniter\\project-root\\app\\Views\\welcome_message.php')
 5 SYSTEMPATH\View\View.php(227): CodeIgniter\View\View->CodeIgniter\View\{closure}()
 6 SYSTEMPATH\Common.php(1180): CodeIgniter\View\View->render()
 7 APPPATH\Controllers\Home.php(9): view()
 8 SYSTEMPATH\CodeIgniter.php(932): App\Controllers\Home->index()
 9 SYSTEMPATH\CodeIgniter.php(497): CodeIgniter\CodeIgniter->runController()
10 SYSTEMPATH\CodeIgniter.php(366): CodeIgniter\CodeIgniter->handleRequest()
11 FCPATH\index.php(67): CodeIgniter\CodeIgniter->run()
12 SYSTEMPATH\Commands\Server\rewrite.php(47): require_once('D:\\code\\codeigniter\\project-root\\public\\index.php')
CRITICAL - 2023-07-16 12:42:11 --> Class "CodeIgniter\Database\MSQLI\Connection" not found
in SYSTEMPATH\Database\Database.php on line 137.
 1 SYSTEMPATH\Database\Database.php(55): CodeIgniter\Database\Database->initDriver()
 2 SYSTEMPATH\Database\Config.php(82): CodeIgniter\Database\Database->load()
 3 APPPATH\Views\welcome_message.php(238): CodeIgniter\Database\Config::connect()
 4 SYSTEMPATH\View\View.php(224): include('D:\\code\\codeigniter\\project-root\\app\\Views\\welcome_message.php')
 5 SYSTEMPATH\View\View.php(227): CodeIgniter\View\View->CodeIgniter\View\{closure}()
 6 SYSTEMPATH\Common.php(1180): CodeIgniter\View\View->render()
 7 APPPATH\Controllers\Home.php(9): view()
 8 SYSTEMPATH\CodeIgniter.php(932): App\Controllers\Home->index()
 9 SYSTEMPATH\CodeIgniter.php(497): CodeIgniter\CodeIgniter->runController()
10 SYSTEMPATH\CodeIgniter.php(366): CodeIgniter\CodeIgniter->handleRequest()
11 FCPATH\index.php(67): CodeIgniter\CodeIgniter->run()
12 SYSTEMPATH\Commands\Server\rewrite.php(47): require_once('D:\\code\\codeigniter\\project-root\\public\\index.php')
CRITICAL - 2023-07-16 12:42:22 --> Class "CodeIgniter\Database\MSQLi\Connection" not found
in SYSTEMPATH\Database\Database.php on line 137.
 1 SYSTEMPATH\Database\Database.php(55): CodeIgniter\Database\Database->initDriver()
 2 SYSTEMPATH\Database\Config.php(82): CodeIgniter\Database\Database->load()
 3 APPPATH\Views\welcome_message.php(238): CodeIgniter\Database\Config::connect()
 4 SYSTEMPATH\View\View.php(224): include('D:\\code\\codeigniter\\project-root\\app\\Views\\welcome_message.php')
 5 SYSTEMPATH\View\View.php(227): CodeIgniter\View\View->CodeIgniter\View\{closure}()
 6 SYSTEMPATH\Common.php(1180): CodeIgniter\View\View->render()
 7 APPPATH\Controllers\Home.php(9): view()
 8 SYSTEMPATH\CodeIgniter.php(932): App\Controllers\Home->index()
 9 SYSTEMPATH\CodeIgniter.php(497): CodeIgniter\CodeIgniter->runController()
10 SYSTEMPATH\CodeIgniter.php(366): CodeIgniter\CodeIgniter->handleRequest()
11 FCPATH\index.php(67): CodeIgniter\CodeIgniter->run()
12 SYSTEMPATH\Commands\Server\rewrite.php(47): require_once('D:\\code\\codeigniter\\project-root\\public\\index.php')
CRITICAL - 2023-07-16 12:44:28 --> Class "CodeIgniter\Database\MSQLi\Connection" not found
in SYSTEMPATH\Database\Database.php on line 137.
 1 SYSTEMPATH\Database\Database.php(55): CodeIgniter\Database\Database->initDriver()
 2 SYSTEMPATH\Database\Config.php(82): CodeIgniter\Database\Database->load()
 3 APPPATH\Views\welcome_message.php(238): CodeIgniter\Database\Config::connect()
 4 SYSTEMPATH\View\View.php(224): include('D:\\code\\codeigniter\\project-root\\app\\Views\\welcome_message.php')
 5 SYSTEMPATH\View\View.php(227): CodeIgniter\View\View->CodeIgniter\View\{closure}()
 6 SYSTEMPATH\Common.php(1180): CodeIgniter\View\View->render()
 7 APPPATH\Controllers\Home.php(9): view()
 8 SYSTEMPATH\CodeIgniter.php(932): App\Controllers\Home->index()
 9 SYSTEMPATH\CodeIgniter.php(497): CodeIgniter\CodeIgniter->runController()
10 SYSTEMPATH\CodeIgniter.php(366): CodeIgniter\CodeIgniter->handleRequest()
11 FCPATH\index.php(67): CodeIgniter\CodeIgniter->run()
12 SYSTEMPATH\Commands\Server\rewrite.php(47): require_once('D:\\code\\codeigniter\\project-root\\public\\index.php')
CRITICAL - 2023-07-16 12:46:26 --> Undefined constant "CodeIgniter\Database\MySQLi\MYSQLI_STORE_RESULT"
in SYSTEMPATH\Database\Database.php on line 137.
 1 SYSTEMPATH\Database\Database.php(55): CodeIgniter\Database\Database->initDriver()
 2 SYSTEMPATH\Database\Config.php(82): CodeIgniter\Database\Database->load()
 3 APPPATH\Views\welcome_message.php(238): CodeIgniter\Database\Config::connect()
 4 SYSTEMPATH\View\View.php(224): include('D:\\code\\codeigniter\\project-root\\app\\Views\\welcome_message.php')
 5 SYSTEMPATH\View\View.php(227): CodeIgniter\View\View->CodeIgniter\View\{closure}()
 6 SYSTEMPATH\Common.php(1180): CodeIgniter\View\View->render()
 7 APPPATH\Controllers\Home.php(9): view()
 8 SYSTEMPATH\CodeIgniter.php(932): App\Controllers\Home->index()
 9 SYSTEMPATH\CodeIgniter.php(497): CodeIgniter\CodeIgniter->runController()
10 SYSTEMPATH\CodeIgniter.php(366): CodeIgniter\CodeIgniter->handleRequest()
11 FCPATH\index.php(67): CodeIgniter\CodeIgniter->run()
12 SYSTEMPATH\Commands\Server\rewrite.php(47): require_once('D:\\code\\codeigniter\\project-root\\public\\index.php')
CRITICAL - 2023-07-16 12:46:56 --> Undefined constant "CodeIgniter\Database\MySQLi\MYSQLI_STORE_RESULT"
in SYSTEMPATH\Database\Database.php on line 137.
 1 SYSTEMPATH\Database\Database.php(55): CodeIgniter\Database\Database->initDriver()
 2 SYSTEMPATH\Database\Config.php(82): CodeIgniter\Database\Database->load()
 3 APPPATH\Views\welcome_message.php(238): CodeIgniter\Database\Config::connect()
 4 SYSTEMPATH\View\View.php(224): include('D:\\code\\codeigniter\\project-root\\app\\Views\\welcome_message.php')
 5 SYSTEMPATH\View\View.php(227): CodeIgniter\View\View->CodeIgniter\View\{closure}()
 6 SYSTEMPATH\Common.php(1180): CodeIgniter\View\View->render()
 7 APPPATH\Controllers\Home.php(9): view()
 8 SYSTEMPATH\CodeIgniter.php(932): App\Controllers\Home->index()
 9 SYSTEMPATH\CodeIgniter.php(497): CodeIgniter\CodeIgniter->runController()
10 SYSTEMPATH\CodeIgniter.php(366): CodeIgniter\CodeIgniter->handleRequest()
11 FCPATH\index.php(67): CodeIgniter\CodeIgniter->run()
12 SYSTEMPATH\Commands\Server\rewrite.php(47): require_once('D:\\code\\codeigniter\\project-root\\public\\index.php')
CRITICAL - 2023-07-16 12:49:57 --> Undefined constant "CodeIgniter\Database\MySQLi\MYSQLI_STORE_RESULT"
in SYSTEMPATH\Database\Database.php on line 137.
 1 SYSTEMPATH\Database\Database.php(55): CodeIgniter\Database\Database->initDriver()
 2 SYSTEMPATH\Database\Config.php(82): CodeIgniter\Database\Database->load()
 3 APPPATH\Views\welcome_message.php(238): CodeIgniter\Database\Config::connect()
 4 SYSTEMPATH\View\View.php(224): include('D:\\code\\codeigniter\\project-root\\app\\Views\\welcome_message.php')
 5 SYSTEMPATH\View\View.php(227): CodeIgniter\View\View->CodeIgniter\View\{closure}()
 6 SYSTEMPATH\Common.php(1180): CodeIgniter\View\View->render()
 7 APPPATH\Controllers\Home.php(9): view()
 8 SYSTEMPATH\CodeIgniter.php(932): App\Controllers\Home->index()
 9 SYSTEMPATH\CodeIgniter.php(497): CodeIgniter\CodeIgniter->runController()
10 SYSTEMPATH\CodeIgniter.php(366): CodeIgniter\CodeIgniter->handleRequest()
11 FCPATH\index.php(67): CodeIgniter\CodeIgniter->run()
12 SYSTEMPATH\Commands\Server\rewrite.php(47): require_once('D:\\code\\codeigniter\\project-root\\public\\index.php')
CRITICAL - 2023-07-16 14:24:33 --> Call to a member function getNews() on null
in APPPATH\Controllers\News.php on line 16.
 1 SYSTEMPATH\CodeIgniter.php(932): App\Controllers\News->index()
 2 SYSTEMPATH\CodeIgniter.php(497): CodeIgniter\CodeIgniter->runController()
 3 SYSTEMPATH\CodeIgniter.php(366): CodeIgniter\CodeIgniter->handleRequest()
 4 FCPATH\index.php(67): CodeIgniter\CodeIgniter->run()
 5 SYSTEMPATH\Commands\Server\rewrite.php(47): require_once('D:\\code\\codeigniter\\project-root\\public\\index.php')
CRITICAL - 2023-07-16 14:25:57 --> Call to a member function getNews() on null
in APPPATH\Controllers\News.php on line 16.
 1 SYSTEMPATH\CodeIgniter.php(932): App\Controllers\News->index()
 2 SYSTEMPATH\CodeIgniter.php(497): CodeIgniter\CodeIgniter->runController()
 3 SYSTEMPATH\CodeIgniter.php(366): CodeIgniter\CodeIgniter->handleRequest()
 4 FCPATH\index.php(67): CodeIgniter\CodeIgniter->run()
 5 SYSTEMPATH\Commands\Server\rewrite.php(47): require_once('D:\\code\\codeigniter\\project-root\\public\\index.php')
CRITICAL - 2023-07-16 14:25:58 --> Call to a member function getNews() on null
in APPPATH\Controllers\News.php on line 16.
 1 SYSTEMPATH\CodeIgniter.php(932): App\Controllers\News->index()
 2 SYSTEMPATH\CodeIgniter.php(497): CodeIgniter\CodeIgniter->runController()
 3 SYSTEMPATH\CodeIgniter.php(366): CodeIgniter\CodeIgniter->handleRequest()
 4 FCPATH\index.php(67): CodeIgniter\CodeIgniter->run()
 5 SYSTEMPATH\Commands\Server\rewrite.php(47): require_once('D:\\code\\codeigniter\\project-root\\public\\index.php')
CRITICAL - 2023-07-16 14:25:58 --> Call to a member function getNews() on null
in APPPATH\Controllers\News.php on line 16.
 1 SYSTEMPATH\CodeIgniter.php(932): App\Controllers\News->index()
 2 SYSTEMPATH\CodeIgniter.php(497): CodeIgniter\CodeIgniter->runController()
 3 SYSTEMPATH\CodeIgniter.php(366): CodeIgniter\CodeIgniter->handleRequest()
 4 FCPATH\index.php(67): CodeIgniter\CodeIgniter->run()
 5 SYSTEMPATH\Commands\Server\rewrite.php(47): require_once('D:\\code\\codeigniter\\project-root\\public\\index.php')
CRITICAL - 2023-07-16 14:25:58 --> Call to a member function getNews() on null
in APPPATH\Controllers\News.php on line 16.
 1 SYSTEMPATH\CodeIgniter.php(932): App\Controllers\News->index()
 2 SYSTEMPATH\CodeIgniter.php(497): CodeIgniter\CodeIgniter->runController()
 3 SYSTEMPATH\CodeIgniter.php(366): CodeIgniter\CodeIgniter->handleRequest()
 4 FCPATH\index.php(67): CodeIgniter\CodeIgniter->run()
 5 SYSTEMPATH\Commands\Server\rewrite.php(47): require_once('D:\\code\\codeigniter\\project-root\\public\\index.php')
CRITICAL - 2023-07-16 14:26:31 --> Call to a member function getNews() on null
in APPPATH\Controllers\News.php on line 16.
 1 SYSTEMPATH\CodeIgniter.php(932): App\Controllers\News->index()
 2 SYSTEMPATH\CodeIgniter.php(497): CodeIgniter\CodeIgniter->runController()
 3 SYSTEMPATH\CodeIgniter.php(366): CodeIgniter\CodeIgniter->handleRequest()
 4 FCPATH\index.php(67): CodeIgniter\CodeIgniter->run()
 5 SYSTEMPATH\Commands\Server\rewrite.php(47): require_once('D:\\code\\codeigniter\\project-root\\public\\index.php')
CRITICAL - 2023-07-16 14:26:32 --> Call to a member function getNews() on null
in APPPATH\Controllers\News.php on line 16.
 1 SYSTEMPATH\CodeIgniter.php(932): App\Controllers\News->index()
 2 SYSTEMPATH\CodeIgniter.php(497): CodeIgniter\CodeIgniter->runController()
 3 SYSTEMPATH\CodeIgniter.php(366): CodeIgniter\CodeIgniter->handleRequest()
 4 FCPATH\index.php(67): CodeIgniter\CodeIgniter->run()
 5 SYSTEMPATH\Commands\Server\rewrite.php(47): require_once('D:\\code\\codeigniter\\project-root\\public\\index.php')
CRITICAL - 2023-07-16 14:26:32 --> Call to a member function getNews() on null
in APPPATH\Controllers\News.php on line 16.
 1 SYSTEMPATH\CodeIgniter.php(932): App\Controllers\News->index()
 2 SYSTEMPATH\CodeIgniter.php(497): CodeIgniter\CodeIgniter->runController()
 3 SYSTEMPATH\CodeIgniter.php(366): CodeIgniter\CodeIgniter->handleRequest()
 4 FCPATH\index.php(67): CodeIgniter\CodeIgniter->run()
 5 SYSTEMPATH\Commands\Server\rewrite.php(47): require_once('D:\\code\\codeigniter\\project-root\\public\\index.php')
CRITICAL - 2023-07-16 14:26:32 --> Call to a member function getNews() on null
in APPPATH\Controllers\News.php on line 16.
 1 SYSTEMPATH\CodeIgniter.php(932): App\Controllers\News->index()
 2 SYSTEMPATH\CodeIgniter.php(497): CodeIgniter\CodeIgniter->runController()
 3 SYSTEMPATH\CodeIgniter.php(366): CodeIgniter\CodeIgniter->handleRequest()
 4 FCPATH\index.php(67): CodeIgniter\CodeIgniter->run()
 5 SYSTEMPATH\Commands\Server\rewrite.php(47): require_once('D:\\code\\codeigniter\\project-root\\public\\index.php')
CRITICAL - 2023-07-16 14:26:32 --> Call to a member function getNews() on null
in APPPATH\Controllers\News.php on line 16.
 1 SYSTEMPATH\CodeIgniter.php(932): App\Controllers\News->index()
 2 SYSTEMPATH\CodeIgniter.php(497): CodeIgniter\CodeIgniter->runController()
 3 SYSTEMPATH\CodeIgniter.php(366): CodeIgniter\CodeIgniter->handleRequest()
 4 FCPATH\index.php(67): CodeIgniter\CodeIgniter->run()
 5 SYSTEMPATH\Commands\Server\rewrite.php(47): require_once('D:\\code\\codeigniter\\project-root\\public\\index.php')
CRITICAL - 2023-07-16 14:26:32 --> Call to a member function getNews() on null
in APPPATH\Controllers\News.php on line 16.
 1 SYSTEMPATH\CodeIgniter.php(932): App\Controllers\News->index()
 2 SYSTEMPATH\CodeIgniter.php(497): CodeIgniter\CodeIgniter->runController()
 3 SYSTEMPATH\CodeIgniter.php(366): CodeIgniter\CodeIgniter->handleRequest()
 4 FCPATH\index.php(67): CodeIgniter\CodeIgniter->run()
 5 SYSTEMPATH\Commands\Server\rewrite.php(47): require_once('D:\\code\\codeigniter\\project-root\\public\\index.php')
CRITICAL - 2023-07-16 14:26:39 --> Call to a member function getNews() on null
in APPPATH\Controllers\News.php on line 16.
 1 SYSTEMPATH\CodeIgniter.php(932): App\Controllers\News->index()
 2 SYSTEMPATH\CodeIgniter.php(497): CodeIgniter\CodeIgniter->runController()
 3 SYSTEMPATH\CodeIgniter.php(366): CodeIgniter\CodeIgniter->handleRequest()
 4 FCPATH\index.php(67): CodeIgniter\CodeIgniter->run()
 5 SYSTEMPATH\Commands\Server\rewrite.php(47): require_once('D:\\code\\codeigniter\\project-root\\public\\index.php')
CRITICAL - 2023-07-16 14:26:40 --> Call to a member function getNews() on null
in APPPATH\Controllers\News.php on line 16.
 1 SYSTEMPATH\CodeIgniter.php(932): App\Controllers\News->index()
 2 SYSTEMPATH\CodeIgniter.php(497): CodeIgniter\CodeIgniter->runController()
 3 SYSTEMPATH\CodeIgniter.php(366): CodeIgniter\CodeIgniter->handleRequest()
 4 FCPATH\index.php(67): CodeIgniter\CodeIgniter->run()
 5 SYSTEMPATH\Commands\Server\rewrite.php(47): require_once('D:\\code\\codeigniter\\project-root\\public\\index.php')
CRITICAL - 2023-07-16 14:27:36 --> Call to a member function getNews() on null
in APPPATH\Controllers\News.php on line 16.
 1 SYSTEMPATH\CodeIgniter.php(932): App\Controllers\News->index()
 2 SYSTEMPATH\CodeIgniter.php(497): CodeIgniter\CodeIgniter->runController()
 3 SYSTEMPATH\CodeIgniter.php(366): CodeIgniter\CodeIgniter->handleRequest()
 4 FCPATH\index.php(67): CodeIgniter\CodeIgniter->run()
 5 SYSTEMPATH\Commands\Server\rewrite.php(47): require_once('D:\\code\\codeigniter\\project-root\\public\\index.php')
CRITICAL - 2023-07-16 14:29:41 --> Call to a member function getNews() on null
in APPPATH\Controllers\News.php on line 16.
 1 SYSTEMPATH\CodeIgniter.php(932): App\Controllers\News->index()
 2 SYSTEMPATH\CodeIgniter.php(497): CodeIgniter\CodeIgniter->runController()
 3 SYSTEMPATH\CodeIgniter.php(366): CodeIgniter\CodeIgniter->handleRequest()
 4 FCPATH\index.php(67): CodeIgniter\CodeIgniter->run()
 5 SYSTEMPATH\Commands\Server\rewrite.php(47): require_once('D:\\code\\codeigniter\\project-root\\public\\index.php')
CRITICAL - 2023-07-16 14:29:41 --> Call to a member function getNews() on null
in APPPATH\Controllers\News.php on line 16.
 1 SYSTEMPATH\CodeIgniter.php(932): App\Controllers\News->index()
 2 SYSTEMPATH\CodeIgniter.php(497): CodeIgniter\CodeIgniter->runController()
 3 SYSTEMPATH\CodeIgniter.php(366): CodeIgniter\CodeIgniter->handleRequest()
 4 FCPATH\index.php(67): CodeIgniter\CodeIgniter->run()
 5 SYSTEMPATH\Commands\Server\rewrite.php(47): require_once('D:\\code\\codeigniter\\project-root\\public\\index.php')
CRITICAL - 2023-07-16 14:29:42 --> Call to a member function getNews() on null
in APPPATH\Controllers\News.php on line 16.
 1 SYSTEMPATH\CodeIgniter.php(932): App\Controllers\News->index()
 2 SYSTEMPATH\CodeIgniter.php(497): CodeIgniter\CodeIgniter->runController()
 3 SYSTEMPATH\CodeIgniter.php(366): CodeIgniter\CodeIgniter->handleRequest()
 4 FCPATH\index.php(67): CodeIgniter\CodeIgniter->run()
 5 SYSTEMPATH\Commands\Server\rewrite.php(47): require_once('D:\\code\\codeigniter\\project-root\\public\\index.php')
CRITICAL - 2023-07-16 14:29:42 --> Call to a member function getNews() on null
in APPPATH\Controllers\News.php on line 16.
 1 SYSTEMPATH\CodeIgniter.php(932): App\Controllers\News->index()
 2 SYSTEMPATH\CodeIgniter.php(497): CodeIgniter\CodeIgniter->runController()
 3 SYSTEMPATH\CodeIgniter.php(366): CodeIgniter\CodeIgniter->handleRequest()
 4 FCPATH\index.php(67): CodeIgniter\CodeIgniter->run()
 5 SYSTEMPATH\Commands\Server\rewrite.php(47): require_once('D:\\code\\codeigniter\\project-root\\public\\index.php')
CRITICAL - 2023-07-16 14:30:14 --> Call to a member function getNews() on null
in APPPATH\Controllers\News.php on line 16.
 1 SYSTEMPATH\CodeIgniter.php(932): App\Controllers\News->index()
 2 SYSTEMPATH\CodeIgniter.php(497): CodeIgniter\CodeIgniter->runController()
 3 SYSTEMPATH\CodeIgniter.php(366): CodeIgniter\CodeIgniter->handleRequest()
 4 FCPATH\index.php(67): CodeIgniter\CodeIgniter->run()
 5 SYSTEMPATH\Commands\Server\rewrite.php(47): require_once('D:\\code\\codeigniter\\project-root\\public\\index.php')
CRITICAL - 2023-07-16 14:30:15 --> Call to a member function getNews() on null
in APPPATH\Controllers\News.php on line 16.
 1 SYSTEMPATH\CodeIgniter.php(932): App\Controllers\News->index()
 2 SYSTEMPATH\CodeIgniter.php(497): CodeIgniter\CodeIgniter->runController()
 3 SYSTEMPATH\CodeIgniter.php(366): CodeIgniter\CodeIgniter->handleRequest()
 4 FCPATH\index.php(67): CodeIgniter\CodeIgniter->run()
 5 SYSTEMPATH\Commands\Server\rewrite.php(47): require_once('D:\\code\\codeigniter\\project-root\\public\\index.php')
CRITICAL - 2023-07-16 14:30:15 --> Call to a member function getNews() on null
in APPPATH\Controllers\News.php on line 16.
 1 SYSTEMPATH\CodeIgniter.php(932): App\Controllers\News->index()
 2 SYSTEMPATH\CodeIgniter.php(497): CodeIgniter\CodeIgniter->runController()
 3 SYSTEMPATH\CodeIgniter.php(366): CodeIgniter\CodeIgniter->handleRequest()
 4 FCPATH\index.php(67): CodeIgniter\CodeIgniter->run()
 5 SYSTEMPATH\Commands\Server\rewrite.php(47): require_once('D:\\code\\codeigniter\\project-root\\public\\index.php')
CRITICAL - 2023-07-16 14:30:15 --> Call to a member function getNews() on null
in APPPATH\Controllers\News.php on line 16.
 1 SYSTEMPATH\CodeIgniter.php(932): App\Controllers\News->index()
 2 SYSTEMPATH\CodeIgniter.php(497): CodeIgniter\CodeIgniter->runController()
 3 SYSTEMPATH\CodeIgniter.php(366): CodeIgniter\CodeIgniter->handleRequest()
 4 FCPATH\index.php(67): CodeIgniter\CodeIgniter->run()
 5 SYSTEMPATH\Commands\Server\rewrite.php(47): require_once('D:\\code\\codeigniter\\project-root\\public\\index.php')
CRITICAL - 2023-07-16 14:30:57 --> Call to a member function getNews() on null
in APPPATH\Controllers\News.php on line 16.
 1 SYSTEMPATH\CodeIgniter.php(932): App\Controllers\News->index()
 2 SYSTEMPATH\CodeIgniter.php(497): CodeIgniter\CodeIgniter->runController()
 3 SYSTEMPATH\CodeIgniter.php(366): CodeIgniter\CodeIgniter->handleRequest()
 4 FCPATH\index.php(67): CodeIgniter\CodeIgniter->run()
 5 SYSTEMPATH\Commands\Server\rewrite.php(47): require_once('D:\\code\\codeigniter\\project-root\\public\\index.php')
CRITICAL - 2023-07-16 14:31:14 --> Call to a member function getNews() on null
in APPPATH\Controllers\News.php on line 16.
 1 SYSTEMPATH\CodeIgniter.php(932): App\Controllers\News->index()
 2 SYSTEMPATH\CodeIgniter.php(497): CodeIgniter\CodeIgniter->runController()
 3 SYSTEMPATH\CodeIgniter.php(366): CodeIgniter\CodeIgniter->handleRequest()
 4 FCPATH\index.php(67): CodeIgniter\CodeIgniter->run()
 5 SYSTEMPATH\Commands\Server\rewrite.php(47): require_once('D:\\code\\codeigniter\\project-root\\public\\index.php')
CRITICAL - 2023-07-16 14:31:15 --> Call to a member function getNews() on null
in APPPATH\Controllers\News.php on line 16.
 1 SYSTEMPATH\CodeIgniter.php(932): App\Controllers\News->index()
 2 SYSTEMPATH\CodeIgniter.php(497): CodeIgniter\CodeIgniter->runController()
 3 SYSTEMPATH\CodeIgniter.php(366): CodeIgniter\CodeIgniter->handleRequest()
 4 FCPATH\index.php(67): CodeIgniter\CodeIgniter->run()
 5 SYSTEMPATH\Commands\Server\rewrite.php(47): require_once('D:\\code\\codeigniter\\project-root\\public\\index.php')
CRITICAL - 2023-07-16 14:31:15 --> Call to a member function getNews() on null
in APPPATH\Controllers\News.php on line 16.
 1 SYSTEMPATH\CodeIgniter.php(932): App\Controllers\News->index()
 2 SYSTEMPATH\CodeIgniter.php(497): CodeIgniter\CodeIgniter->runController()
 3 SYSTEMPATH\CodeIgniter.php(366): CodeIgniter\CodeIgniter->handleRequest()
 4 FCPATH\index.php(67): CodeIgniter\CodeIgniter->run()
 5 SYSTEMPATH\Commands\Server\rewrite.php(47): require_once('D:\\code\\codeigniter\\project-root\\public\\index.php')
CRITICAL - 2023-07-16 14:31:16 --> Call to a member function getNews() on null
in APPPATH\Controllers\News.php on line 16.
 1 SYSTEMPATH\CodeIgniter.php(932): App\Controllers\News->index()
 2 SYSTEMPATH\CodeIgniter.php(497): CodeIgniter\CodeIgniter->runController()
 3 SYSTEMPATH\CodeIgniter.php(366): CodeIgniter\CodeIgniter->handleRequest()
 4 FCPATH\index.php(67): CodeIgniter\CodeIgniter->run()
 5 SYSTEMPATH\Commands\Server\rewrite.php(47): require_once('D:\\code\\codeigniter\\project-root\\public\\index.php')
CRITICAL - 2023-07-16 14:35:08 --> Call to a member function getNews() on null
in APPPATH\Controllers\News.php on line 12.
 1 SYSTEMPATH\CodeIgniter.php(932): App\Controllers\News->index()
 2 SYSTEMPATH\CodeIgniter.php(497): CodeIgniter\CodeIgniter->runController()
 3 SYSTEMPATH\CodeIgniter.php(366): CodeIgniter\CodeIgniter->handleRequest()
 4 FCPATH\index.php(67): CodeIgniter\CodeIgniter->run()
 5 SYSTEMPATH\Commands\Server\rewrite.php(47): require_once('D:\\code\\codeigniter\\project-root\\public\\index.php')
CRITICAL - 2023-07-16 14:35:09 --> Call to a member function getNews() on null
in APPPATH\Controllers\News.php on line 12.
 1 SYSTEMPATH\CodeIgniter.php(932): App\Controllers\News->index()
 2 SYSTEMPATH\CodeIgniter.php(497): CodeIgniter\CodeIgniter->runController()
 3 SYSTEMPATH\CodeIgniter.php(366): CodeIgniter\CodeIgniter->handleRequest()
 4 FCPATH\index.php(67): CodeIgniter\CodeIgniter->run()
 5 SYSTEMPATH\Commands\Server\rewrite.php(47): require_once('D:\\code\\codeigniter\\project-root\\public\\index.php')
CRITICAL - 2023-07-16 14:35:09 --> Call to a member function getNews() on null
in APPPATH\Controllers\News.php on line 12.
 1 SYSTEMPATH\CodeIgniter.php(932): App\Controllers\News->index()
 2 SYSTEMPATH\CodeIgniter.php(497): CodeIgniter\CodeIgniter->runController()
 3 SYSTEMPATH\CodeIgniter.php(366): CodeIgniter\CodeIgniter->handleRequest()
 4 FCPATH\index.php(67): CodeIgniter\CodeIgniter->run()
 5 SYSTEMPATH\Commands\Server\rewrite.php(47): require_once('D:\\code\\codeigniter\\project-root\\public\\index.php')
CRITICAL - 2023-07-16 14:35:09 --> Call to a member function getNews() on null
in APPPATH\Controllers\News.php on line 12.
 1 SYSTEMPATH\CodeIgniter.php(932): App\Controllers\News->index()
 2 SYSTEMPATH\CodeIgniter.php(497): CodeIgniter\CodeIgniter->runController()
 3 SYSTEMPATH\CodeIgniter.php(366): CodeIgniter\CodeIgniter->handleRequest()
 4 FCPATH\index.php(67): CodeIgniter\CodeIgniter->run()
 5 SYSTEMPATH\Commands\Server\rewrite.php(47): require_once('D:\\code\\codeigniter\\project-root\\public\\index.php')
CRITICAL - 2023-07-16 14:35:09 --> Call to a member function getNews() on null
in APPPATH\Controllers\News.php on line 12.
 1 SYSTEMPATH\CodeIgniter.php(932): App\Controllers\News->index()
 2 SYSTEMPATH\CodeIgniter.php(497): CodeIgniter\CodeIgniter->runController()
 3 SYSTEMPATH\CodeIgniter.php(366): CodeIgniter\CodeIgniter->handleRequest()
 4 FCPATH\index.php(67): CodeIgniter\CodeIgniter->run()
 5 SYSTEMPATH\Commands\Server\rewrite.php(47): require_once('D:\\code\\codeigniter\\project-root\\public\\index.php')
CRITICAL - 2023-07-16 14:35:29 --> Call to a member function getNews() on null
in APPPATH\Controllers\News.php on line 12.
 1 SYSTEMPATH\CodeIgniter.php(932): App\Controllers\News->index()
 2 SYSTEMPATH\CodeIgniter.php(497): CodeIgniter\CodeIgniter->runController()
 3 SYSTEMPATH\CodeIgniter.php(366): CodeIgniter\CodeIgniter->handleRequest()
 4 FCPATH\index.php(67): CodeIgniter\CodeIgniter->run()
 5 SYSTEMPATH\Commands\Server\rewrite.php(47): require_once('D:\\code\\codeigniter\\project-root\\public\\index.php')
CRITICAL - 2023-07-16 14:36:54 --> Undefined variable $title
in APPPATH\Views\templates\header.php on line 14.
 1 APPPATH\Views\templates\header.php(14): CodeIgniter\Debug\Exceptions->errorHandler()
 2 SYSTEMPATH\View\View.php(224): include('D:\\code\\codeigniter\\project-root\\app\\Views\\templates\\header.php')
 3 SYSTEMPATH\View\View.php(227): CodeIgniter\View\View->CodeIgniter\View\{closure}()
 4 SYSTEMPATH\Common.php(1180): CodeIgniter\View\View->render()
 5 APPPATH\Controllers\News.php(16): view()
 6 SYSTEMPATH\CodeIgniter.php(932): App\Controllers\News->index()
 7 SYSTEMPATH\CodeIgniter.php(497): CodeIgniter\CodeIgniter->runController()
 8 SYSTEMPATH\CodeIgniter.php(366): CodeIgniter\CodeIgniter->handleRequest()
 9 FCPATH\index.php(67): CodeIgniter\CodeIgniter->run()
10 SYSTEMPATH\Commands\Server\rewrite.php(47): require_once('D:\\code\\codeigniter\\project-root\\public\\index.php')
CRITICAL - 2023-07-16 14:37:22 --> Undefined variable $title
in APPPATH\Views\templates\header.php on line 14.
 1 APPPATH\Views\templates\header.php(14): CodeIgniter\Debug\Exceptions->errorHandler()
 2 SYSTEMPATH\View\View.php(224): include('D:\\code\\codeigniter\\project-root\\app\\Views\\templates\\header.php')
 3 SYSTEMPATH\View\View.php(227): CodeIgniter\View\View->CodeIgniter\View\{closure}()
 4 SYSTEMPATH\Common.php(1180): CodeIgniter\View\View->render()
 5 APPPATH\Controllers\News.php(18): view()
 6 SYSTEMPATH\CodeIgniter.php(932): App\Controllers\News->index()
 7 SYSTEMPATH\CodeIgniter.php(497): CodeIgniter\CodeIgniter->runController()
 8 SYSTEMPATH\CodeIgniter.php(366): CodeIgniter\CodeIgniter->handleRequest()
 9 FCPATH\index.php(67): CodeIgniter\CodeIgniter->run()
10 SYSTEMPATH\Commands\Server\rewrite.php(47): require_once('D:\\code\\codeigniter\\project-root\\public\\index.php')
CRITICAL - 2023-07-16 14:37:24 --> Undefined variable $title
in APPPATH\Views\templates\header.php on line 14.
 1 APPPATH\Views\templates\header.php(14): CodeIgniter\Debug\Exceptions->errorHandler()
 2 SYSTEMPATH\View\View.php(224): include('D:\\code\\codeigniter\\project-root\\app\\Views\\templates\\header.php')
 3 SYSTEMPATH\View\View.php(227): CodeIgniter\View\View->CodeIgniter\View\{closure}()
 4 SYSTEMPATH\Common.php(1180): CodeIgniter\View\View->render()
 5 APPPATH\Controllers\News.php(18): view()
 6 SYSTEMPATH\CodeIgniter.php(932): App\Controllers\News->index()
 7 SYSTEMPATH\CodeIgniter.php(497): CodeIgniter\CodeIgniter->runController()
 8 SYSTEMPATH\CodeIgniter.php(366): CodeIgniter\CodeIgniter->handleRequest()
 9 FCPATH\index.php(67): CodeIgniter\CodeIgniter->run()
10 SYSTEMPATH\Commands\Server\rewrite.php(47): require_once('D:\\code\\codeigniter\\project-root\\public\\index.php')
CRITICAL - 2023-07-16 14:37:53 --> syntax error, unexpected token ";", expecting "]"
in APPPATH\Controllers\News.php on line 15.
 1 SYSTEMPATH\Autoloader\Autoloader.php(289): CodeIgniter\Autoloader\Autoloader->includeFile()
 2 SYSTEMPATH\Autoloader\Autoloader.php(267): CodeIgniter\Autoloader\Autoloader->loadInNamespace()
 3 [internal function]: CodeIgniter\Autoloader\Autoloader->loadClass()
 4 SYSTEMPATH\CodeIgniter.php(890): class_exists()
 5 SYSTEMPATH\CodeIgniter.php(484): CodeIgniter\CodeIgniter->startController()
 6 SYSTEMPATH\CodeIgniter.php(366): CodeIgniter\CodeIgniter->handleRequest()
 7 FCPATH\index.php(67): CodeIgniter\CodeIgniter->run()
 8 SYSTEMPATH\Commands\Server\rewrite.php(47): require_once('D:\\code\\codeigniter\\project-root\\public\\index.php')
CRITICAL - 2023-07-16 17:14:28 --> syntax error, unexpected token "}"
in APPPATH\Models\NewsModel.php on line 20.
 1 SYSTEMPATH\Autoloader\Autoloader.php(289): CodeIgniter\Autoloader\Autoloader->includeFile()
 2 SYSTEMPATH\Autoloader\Autoloader.php(267): CodeIgniter\Autoloader\Autoloader->loadInNamespace()
 3 [internal function]: CodeIgniter\Autoloader\Autoloader->loadClass()
 4 SYSTEMPATH\Config\Factories.php(139): class_exists()
 5 SYSTEMPATH\Config\Factories.php(109): CodeIgniter\Config\Factories::locateClass()
 6 SYSTEMPATH\Common.php(825): CodeIgniter\Config\Factories::__callStatic()
 7 APPPATH\Controllers\News.php(46): model()
 8 SYSTEMPATH\CodeIgniter.php(932): App\Controllers\News->index()
 9 SYSTEMPATH\CodeIgniter.php(497): CodeIgniter\CodeIgniter->runController()
10 SYSTEMPATH\CodeIgniter.php(366): CodeIgniter\CodeIgniter->handleRequest()
11 FCPATH\index.php(67): CodeIgniter\CodeIgniter->run()
12 SYSTEMPATH\Commands\Server\rewrite.php(47): require_once('D:\\code\\codeigniter\\project-root\\public\\index.php')
CRITICAL - 2023-07-16 17:14:38 --> syntax error, unexpected token "}"
in APPPATH\Models\NewsModel.php on line 20.
 1 SYSTEMPATH\Autoloader\Autoloader.php(289): CodeIgniter\Autoloader\Autoloader->includeFile()
 2 SYSTEMPATH\Autoloader\Autoloader.php(267): CodeIgniter\Autoloader\Autoloader->loadInNamespace()
 3 [internal function]: CodeIgniter\Autoloader\Autoloader->loadClass()
 4 SYSTEMPATH\Config\Factories.php(139): class_exists()
 5 SYSTEMPATH\Config\Factories.php(109): CodeIgniter\Config\Factories::locateClass()
 6 SYSTEMPATH\Common.php(825): CodeIgniter\Config\Factories::__callStatic()
 7 APPPATH\Controllers\News.php(34): model()
 8 SYSTEMPATH\CodeIgniter.php(932): App\Controllers\News->create()
 9 SYSTEMPATH\CodeIgniter.php(497): CodeIgniter\CodeIgniter->runController()
10 SYSTEMPATH\CodeIgniter.php(366): CodeIgniter\CodeIgniter->handleRequest()
11 FCPATH\index.php(67): CodeIgniter\CodeIgniter->run()
12 SYSTEMPATH\Commands\Server\rewrite.php(47): require_once('D:\\code\\codeigniter\\project-root\\public\\index.php')
CRITICAL - 2023-07-16 17:15:56 --> Allowed fields must be specified for model: "App\Models\NewsModel"
in SYSTEMPATH\BaseModel.php on line 1242.
 1 SYSTEMPATH\BaseModel.php(1242): CodeIgniter\Database\Exceptions\DataException::forInvalidAllowedFields()
 2 SYSTEMPATH\BaseModel.php(757): CodeIgniter\BaseModel->doProtectFields()
 3 SYSTEMPATH\Model.php(730): CodeIgniter\BaseModel->insert()
 4 SYSTEMPATH\BaseModel.php(692): CodeIgniter\Model->insert()
 5 APPPATH\Controllers\News.php(36): CodeIgniter\BaseModel->save()
 6 SYSTEMPATH\CodeIgniter.php(932): App\Controllers\News->create()
 7 SYSTEMPATH\CodeIgniter.php(497): CodeIgniter\CodeIgniter->runController()
 8 SYSTEMPATH\CodeIgniter.php(366): CodeIgniter\CodeIgniter->handleRequest()
 9 FCPATH\index.php(67): CodeIgniter\CodeIgniter->run()
10 SYSTEMPATH\Commands\Server\rewrite.php(47): require_once('D:\\code\\codeigniter\\project-root\\public\\index.php')
CRITICAL - 2023-07-16 17:37:20 --> syntax error, unexpected token "}"
in APPPATH\Models\NewsModel.php on line 22.
 1 SYSTEMPATH\Autoloader\Autoloader.php(289): CodeIgniter\Autoloader\Autoloader->includeFile()
 2 SYSTEMPATH\Autoloader\Autoloader.php(267): CodeIgniter\Autoloader\Autoloader->loadInNamespace()
 3 [internal function]: CodeIgniter\Autoloader\Autoloader->loadClass()
 4 SYSTEMPATH\Config\Factories.php(139): class_exists()
 5 SYSTEMPATH\Config\Factories.php(109): CodeIgniter\Config\Factories::locateClass()
 6 SYSTEMPATH\Common.php(825): CodeIgniter\Config\Factories::__callStatic()
 7 APPPATH\Controllers\News.php(47): model()
 8 SYSTEMPATH\CodeIgniter.php(932): App\Controllers\News->index()
 9 SYSTEMPATH\CodeIgniter.php(497): CodeIgniter\CodeIgniter->runController()
10 SYSTEMPATH\CodeIgniter.php(366): CodeIgniter\CodeIgniter->handleRequest()
11 FCPATH\index.php(67): CodeIgniter\CodeIgniter->run()
12 SYSTEMPATH\Commands\Server\rewrite.php(47): require_once('D:\\code\\codeigniter\\project-root\\public\\index.php')
CRITICAL - 2023-07-16 17:38:37 --> whereIn() expects $values to be of type array or closure
in SYSTEMPATH\Database\BaseBuilder.php on line 940.
 1 SYSTEMPATH\Database\BaseBuilder.php(827): CodeIgniter\Database\BaseBuilder->_whereIn()
 2 SYSTEMPATH\Model.php(836): CodeIgniter\Database\BaseBuilder->whereIn()
 3 APPPATH\Models\NewsModel.php(20): CodeIgniter\Model->__call()
 4 APPPATH\Controllers\News.php(50): App\Models\NewsModel->getNewsByCategory()
 5 SYSTEMPATH\CodeIgniter.php(932): App\Controllers\News->index()
 6 SYSTEMPATH\CodeIgniter.php(497): CodeIgniter\CodeIgniter->runController()
 7 SYSTEMPATH\CodeIgniter.php(366): CodeIgniter\CodeIgniter->handleRequest()
 8 FCPATH\index.php(67): CodeIgniter\CodeIgniter->run()
 9 SYSTEMPATH\Commands\Server\rewrite.php(47): require_once('D:\\code\\codeigniter\\project-root\\public\\index.php')
CRITICAL - 2023-07-16 17:38:46 --> whereIn() expects $values to be of type array or closure
in SYSTEMPATH\Database\BaseBuilder.php on line 940.
 1 SYSTEMPATH\Database\BaseBuilder.php(827): CodeIgniter\Database\BaseBuilder->_whereIn()
 2 SYSTEMPATH\Model.php(836): CodeIgniter\Database\BaseBuilder->whereIn()
 3 APPPATH\Models\NewsModel.php(20): CodeIgniter\Model->__call()
 4 APPPATH\Controllers\News.php(50): App\Models\NewsModel->getNewsByCategory()
 5 SYSTEMPATH\CodeIgniter.php(932): App\Controllers\News->index()
 6 SYSTEMPATH\CodeIgniter.php(497): CodeIgniter\CodeIgniter->runController()
 7 SYSTEMPATH\CodeIgniter.php(366): CodeIgniter\CodeIgniter->handleRequest()
 8 FCPATH\index.php(67): CodeIgniter\CodeIgniter->run()
 9 SYSTEMPATH\Commands\Server\rewrite.php(47): require_once('D:\\code\\codeigniter\\project-root\\public\\index.php')
CRITICAL - 2023-07-16 17:44:33 --> Cannot access offset of type string on string
in APPPATH\Views\news\index.php on line 10.
 1 SYSTEMPATH\View\View.php(224): include()
 2 SYSTEMPATH\View\View.php(227): CodeIgniter\View\View->CodeIgniter\View\{closure}()
 3 SYSTEMPATH\Common.php(1180): CodeIgniter\View\View->render()
 4 APPPATH\Controllers\News.php(54): view()
 5 SYSTEMPATH\CodeIgniter.php(932): App\Controllers\News->index()
 6 SYSTEMPATH\CodeIgniter.php(497): CodeIgniter\CodeIgniter->runController()
 7 SYSTEMPATH\CodeIgniter.php(366): CodeIgniter\CodeIgniter->handleRequest()
 8 FCPATH\index.php(67): CodeIgniter\CodeIgniter->run()
 9 SYSTEMPATH\Commands\Server\rewrite.php(47): require_once('D:\\code\\codeigniter\\project-root\\public\\index.php')
